<?xml version="1.0" encoding="UTF-8"?>
<robot generator="Robot 6.0.1 (Python 3.11.0 on win32)" generated="20221201 09:59:42.797" rpa="false" schemaversion="3">
<suite id="s1" name="Get9thDoctor" source="C:\Users\P502371\OneDrive - Nationwide Building Society\Desktop\restapi\first\RobotDoctorWhoAmigos\Tests\Get9thDoctor.robot">
<test id="s1-t1" name="Do a GET request for the 9th Doctor and validate the response code and response body" line="14">
<kw name="Create Session" library="RequestsLibrary">
<arg>mysession</arg>
<arg>${base_url}</arg>
<doc>Create Session: create a HTTP session to a server</doc>
<msg timestamp="20221201 09:59:43.054" level="INFO">Creating Session using : alias=mysession, url=http://localhost:8080/doctor, headers={},                     cookies={}, auth=None, timeout=None, proxies=None, verify=False,                     debug=0 </msg>
<status status="PASS" starttime="20221201 09:59:43.053" endtime="20221201 09:59:43.054"/>
</kw>
<kw name="GET On Session" library="RequestsLibrary">
<var>${response}</var>
<arg>mysession</arg>
<arg>/${9thdoctor_id}</arg>
<doc>Sends a GET request on a previously created HTTP Session.</doc>
<msg timestamp="20221201 09:59:43.198" level="INFO">GET Request : url=http://localhost:8080/doctor/96676c76-5ff2-450a-af41-f0b41209f4bd 
 path_url=/doctor/96676c76-5ff2-450a-af41-f0b41209f4bd 
 headers={'User-Agent': 'python-requests/2.28.1', 'Accept-Encoding': 'gzip, deflate', 'Accept': '*/*', 'Connection': 'keep-alive'} 
 body=None 
 </msg>
<msg timestamp="20221201 09:59:43.198" level="INFO">GET Response : url=http://localhost:8080/doctor/96676c76-5ff2-450a-af41-f0b41209f4bd 
 status=200, reason= 
 headers={'Content-Type': 'application/json', 'Transfer-Encoding': 'chunked', 'Date': 'Thu, 01 Dec 2022 09:59:43 GMT', 'Keep-Alive': 'timeout=60', 'Connection': 'keep-alive'} 
 body={"id":"96676c76-5ff2-450a-af41-f0b41209f4bd","number":"9th","actor":"Christopher Eccleston","startYear":2005,"endYear":2006} 
 </msg>
<msg timestamp="20221201 09:59:43.198" level="INFO">${response} = &lt;Response [200]&gt;</msg>
<status status="PASS" starttime="20221201 09:59:43.054" endtime="20221201 09:59:43.198"/>
</kw>
<kw name="Status Should Be" library="RequestsLibrary">
<arg>200</arg>
<arg>${response}</arg>
<doc>Fails if response status code is different than the expected.</doc>
<status status="PASS" starttime="20221201 09:59:43.198" endtime="20221201 09:59:43.199"/>
</kw>
<kw name="Get Value From Json" library="JSONLibrary">
<var>${actor_name}</var>
<arg>${response.json()}</arg>
<arg>actor</arg>
<doc>Get Value From JSON using JSONPath</doc>
<msg timestamp="20221201 09:59:43.234" level="INFO">${actor_name} = ['Christopher Eccleston']</msg>
<status status="PASS" starttime="20221201 09:59:43.199" endtime="20221201 09:59:43.234"/>
</kw>
<kw name="Get From List" library="Collections">
<var>${actorFromList}</var>
<arg>${actor_name}</arg>
<arg>0</arg>
<doc>Returns the value specified with an ``index`` from ``list``.</doc>
<msg timestamp="20221201 09:59:43.235" level="INFO">${actorFromList} = Christopher Eccleston</msg>
<status status="PASS" starttime="20221201 09:59:43.234" endtime="20221201 09:59:43.235"/>
</kw>
<kw name="Should Be Equal" library="BuiltIn">
<arg>${actorFromList}</arg>
<arg>Christopher Eccleston</arg>
<doc>Fails if the given objects are unequal.</doc>
<status status="PASS" starttime="20221201 09:59:43.235" endtime="20221201 09:59:43.235"/>
</kw>
<doc>This test case verifies that the GET request response code should be 200,
and the response body should be the 9th Doctor</doc>
<status status="PASS" starttime="20221201 09:59:43.053" endtime="20221201 09:59:43.235"/>
</test>
<test id="s1-t2" name="Do a POST request with a new Doctor and validate the response code and response body" line="29">
<kw name="Create Session" library="RequestsLibrary">
<arg>mysession</arg>
<arg>${base_url}</arg>
<doc>Create Session: create a HTTP session to a server</doc>
<msg timestamp="20221201 09:59:43.237" level="INFO">Creating Session using : alias=mysession, url=http://localhost:8080/doctor, headers={},                     cookies={}, auth=None, timeout=None, proxies=None, verify=False,                     debug=0 </msg>
<status status="PASS" starttime="20221201 09:59:43.237" endtime="20221201 09:59:43.237"/>
</kw>
<kw name="Create Dictionary" library="BuiltIn">
<var>&amp;{body}</var>
<arg>number=17th</arg>
<arg>actor=Maisie Stewart</arg>
<arg>startYear=2028</arg>
<arg>endYear=2031</arg>
<doc>Creates and returns a dictionary based on the given ``items``.</doc>
<msg timestamp="20221201 09:59:43.237" level="INFO">&amp;{body} = { number=17th | actor=Maisie Stewart | startYear=2028 | endYear=2031 }</msg>
<status status="PASS" starttime="20221201 09:59:43.237" endtime="20221201 09:59:43.237"/>
</kw>
<kw name="POST On Session" library="RequestsLibrary">
<var>${response}</var>
<arg>mysession</arg>
<arg>/</arg>
<arg>json=${body}</arg>
<doc>Sends a POST request on a previously created HTTP Session.</doc>
<msg timestamp="20221201 09:59:43.299" level="INFO">POST Request : url=http://localhost:8080/doctor/ 
 path_url=/doctor/ 
 headers={'User-Agent': 'python-requests/2.28.1', 'Accept-Encoding': 'gzip, deflate', 'Accept': '*/*', 'Connection': 'keep-alive', 'Content-Length': '85', 'Content-Type': 'application/json'} 
 body=b'{"number": "17th", "actor": "Maisie Stewart", "startYear": "2028", "endYear": "2031"}' 
 </msg>
<msg timestamp="20221201 09:59:43.300" level="INFO">POST Response : url=http://localhost:8080/doctor/ 
 status=200, reason= 
 headers={'Content-Type': 'application/json', 'Transfer-Encoding': 'chunked', 'Date': 'Thu, 01 Dec 2022 09:59:43 GMT', 'Keep-Alive': 'timeout=60', 'Connection': 'keep-alive'} 
 body={"id":null,"number":"17th","actor":"Maisie Stewart","startYear":2028,"endYear":2031} 
 </msg>
<msg timestamp="20221201 09:59:43.300" level="INFO">${response} = &lt;Response [200]&gt;</msg>
<status status="PASS" starttime="20221201 09:59:43.238" endtime="20221201 09:59:43.300"/>
</kw>
<kw name="Status Should Be" library="RequestsLibrary">
<arg>200</arg>
<arg>${response}</arg>
<doc>Fails if response status code is different than the expected.</doc>
<status status="PASS" starttime="20221201 09:59:43.300" endtime="20221201 09:59:43.300"/>
</kw>
<kw name="Get Value From Json" library="JSONLibrary">
<var>${actor_name}</var>
<arg>${response.json()}</arg>
<arg>actor</arg>
<doc>Get Value From JSON using JSONPath</doc>
<msg timestamp="20221201 09:59:43.314" level="INFO">${actor_name} = ['Maisie Stewart']</msg>
<status status="PASS" starttime="20221201 09:59:43.301" endtime="20221201 09:59:43.314"/>
</kw>
<kw name="Get From List" library="Collections">
<var>${actorFromList}</var>
<arg>${actor_name}</arg>
<arg>0</arg>
<doc>Returns the value specified with an ``index`` from ``list``.</doc>
<msg timestamp="20221201 09:59:43.315" level="INFO">${actorFromList} = Maisie Stewart</msg>
<status status="PASS" starttime="20221201 09:59:43.315" endtime="20221201 09:59:43.315"/>
</kw>
<kw name="Should Be Equal" library="BuiltIn">
<arg>${actorFromList}</arg>
<arg>Maisie Stewart</arg>
<doc>Fails if the given objects are unequal.</doc>
<status status="PASS" starttime="20221201 09:59:43.316" endtime="20221201 09:59:43.316"/>
</kw>
<doc>This test case verifies that the POST request response code should be 200,
and the response body should be the new Doctor</doc>
<status status="PASS" starttime="20221201 09:59:43.236" endtime="20221201 09:59:43.316"/>
</test>
<test id="s1-t3" name="Do a PUT request to update the end year of the 9th Doctor and validate the response code and response body" line="45">
<kw name="Create Session" library="RequestsLibrary">
<arg>mysession</arg>
<arg>${base_url}</arg>
<doc>Create Session: create a HTTP session to a server</doc>
<msg timestamp="20221201 09:59:43.318" level="INFO">Creating Session using : alias=mysession, url=http://localhost:8080/doctor, headers={},                     cookies={}, auth=None, timeout=None, proxies=None, verify=False,                     debug=0 </msg>
<status status="PASS" starttime="20221201 09:59:43.318" endtime="20221201 09:59:43.318"/>
</kw>
<kw name="GET On Session" library="RequestsLibrary">
<var>${response}</var>
<arg>mysession</arg>
<arg>/${9thdoctor_id}</arg>
<doc>Sends a GET request on a previously created HTTP Session.</doc>
<msg timestamp="20221201 09:59:43.327" level="INFO">GET Request : url=http://localhost:8080/doctor/96676c76-5ff2-450a-af41-f0b41209f4bd 
 path_url=/doctor/96676c76-5ff2-450a-af41-f0b41209f4bd 
 headers={'User-Agent': 'python-requests/2.28.1', 'Accept-Encoding': 'gzip, deflate', 'Accept': '*/*', 'Connection': 'keep-alive'} 
 body=None 
 </msg>
<msg timestamp="20221201 09:59:43.327" level="INFO">GET Response : url=http://localhost:8080/doctor/96676c76-5ff2-450a-af41-f0b41209f4bd 
 status=200, reason= 
 headers={'Content-Type': 'application/json', 'Transfer-Encoding': 'chunked', 'Date': 'Thu, 01 Dec 2022 09:59:43 GMT', 'Keep-Alive': 'timeout=60', 'Connection': 'keep-alive'} 
 body={"id":"96676c76-5ff2-450a-af41-f0b41209f4bd","number":"9th","actor":"Christopher Eccleston","startYear":2005,"endYear":2006} 
 </msg>
<msg timestamp="20221201 09:59:43.327" level="INFO">${response} = &lt;Response [200]&gt;</msg>
<status status="PASS" starttime="20221201 09:59:43.319" endtime="20221201 09:59:43.327"/>
</kw>
<kw name="Status Should Be" library="RequestsLibrary">
<arg>200</arg>
<arg>${response}</arg>
<doc>Fails if response status code is different than the expected.</doc>
<status status="PASS" starttime="20221201 09:59:43.327" endtime="20221201 09:59:43.328"/>
</kw>
<kw name="Get Value From Json" library="JSONLibrary">
<var>${endYear}</var>
<arg>${response.json()}</arg>
<arg>endYear</arg>
<doc>Get Value From JSON using JSONPath</doc>
<msg timestamp="20221201 09:59:43.343" level="INFO">${endYear} = [2006]</msg>
<status status="PASS" starttime="20221201 09:59:43.328" endtime="20221201 09:59:43.343"/>
</kw>
<kw name="Get From List" library="Collections">
<var>${endYearFromList}</var>
<arg>${endYear}</arg>
<arg>0</arg>
<doc>Returns the value specified with an ``index`` from ``list``.</doc>
<msg timestamp="20221201 09:59:43.344" level="INFO">${endYearFromList} = 2006</msg>
<status status="PASS" starttime="20221201 09:59:43.344" endtime="20221201 09:59:43.344"/>
</kw>
<kw name="Convert To Integer" library="BuiltIn">
<var>${endYearInt}</var>
<arg>2006</arg>
<doc>Converts the given item to an integer number.</doc>
<msg timestamp="20221201 09:59:43.345" level="INFO">${endYearInt} = 2006</msg>
<status status="PASS" starttime="20221201 09:59:43.344" endtime="20221201 09:59:43.345"/>
</kw>
<kw name="Should Be Equal" library="BuiltIn">
<arg>${endYearFromList}</arg>
<arg>${endYearInt}</arg>
<doc>Fails if the given objects are unequal.</doc>
<status status="PASS" starttime="20221201 09:59:43.345" endtime="20221201 09:59:43.345"/>
</kw>
<kw name="Create Dictionary" library="BuiltIn">
<var>&amp;{body}</var>
<arg>number=9th</arg>
<arg>actor=Christopher Eccleston</arg>
<arg>startYear=2005</arg>
<arg>endYear=2005</arg>
<doc>Creates and returns a dictionary based on the given ``items``.</doc>
<msg timestamp="20221201 09:59:43.346" level="INFO">&amp;{body} = { number=9th | actor=Christopher Eccleston | startYear=2005 | endYear=2005 }</msg>
<status status="PASS" starttime="20221201 09:59:43.346" endtime="20221201 09:59:43.346"/>
</kw>
<kw name="POST On Session" library="RequestsLibrary">
<var>${response}</var>
<arg>mysession</arg>
<arg>/</arg>
<arg>json=${body}</arg>
<doc>Sends a POST request on a previously created HTTP Session.</doc>
<msg timestamp="20221201 09:59:43.357" level="INFO">POST Request : url=http://localhost:8080/doctor/ 
 path_url=/doctor/ 
 headers={'User-Agent': 'python-requests/2.28.1', 'Accept-Encoding': 'gzip, deflate', 'Accept': '*/*', 'Connection': 'keep-alive', 'Content-Length': '91', 'Content-Type': 'application/json'} 
 body=b'{"number": "9th", "actor": "Christopher Eccleston", "startYear": "2005", "endYear": "2005"}' 
 </msg>
<msg timestamp="20221201 09:59:43.357" level="INFO">POST Response : url=http://localhost:8080/doctor/ 
 status=200, reason= 
 headers={'Content-Type': 'application/json', 'Transfer-Encoding': 'chunked', 'Date': 'Thu, 01 Dec 2022 09:59:43 GMT', 'Keep-Alive': 'timeout=60', 'Connection': 'keep-alive'} 
 body={"id":null,"number":"9th","actor":"Christopher Eccleston","startYear":2005,"endYear":2005} 
 </msg>
<msg timestamp="20221201 09:59:43.357" level="INFO">${response} = &lt;Response [200]&gt;</msg>
<status status="PASS" starttime="20221201 09:59:43.346" endtime="20221201 09:59:43.357"/>
</kw>
<kw name="Status Should Be" library="RequestsLibrary">
<arg>200</arg>
<arg>${response}</arg>
<doc>Fails if response status code is different than the expected.</doc>
<status status="PASS" starttime="20221201 09:59:43.357" endtime="20221201 09:59:43.358"/>
</kw>
<kw name="Get Value From Json" library="JSONLibrary">
<var>${endYear}</var>
<arg>${response.json()}</arg>
<arg>endYear</arg>
<doc>Get Value From JSON using JSONPath</doc>
<msg timestamp="20221201 09:59:43.373" level="INFO">${endYear} = [2005]</msg>
<status status="PASS" starttime="20221201 09:59:43.358" endtime="20221201 09:59:43.373"/>
</kw>
<kw name="Get From List" library="Collections">
<var>${endYearFromList}</var>
<arg>${endYear}</arg>
<arg>0</arg>
<doc>Returns the value specified with an ``index`` from ``list``.</doc>
<msg timestamp="20221201 09:59:43.374" level="INFO">${endYearFromList} = 2005</msg>
<status status="PASS" starttime="20221201 09:59:43.374" endtime="20221201 09:59:43.374"/>
</kw>
<kw name="Convert To Integer" library="BuiltIn">
<var>${endYearInt}</var>
<arg>2005</arg>
<doc>Converts the given item to an integer number.</doc>
<msg timestamp="20221201 09:59:43.375" level="INFO">${endYearInt} = 2005</msg>
<status status="PASS" starttime="20221201 09:59:43.374" endtime="20221201 09:59:43.375"/>
</kw>
<kw name="Should Be Equal" library="BuiltIn">
<arg>${endYearFromList}</arg>
<arg>${endYearInt}</arg>
<doc>Fails if the given objects are unequal.</doc>
<status status="PASS" starttime="20221201 09:59:43.375" endtime="20221201 09:59:43.375"/>
</kw>
<doc>This test case verifies that the PUT request response code should be 200,
and the response body should contain the end year 2006 before the PUT request and 2005 afterwards</doc>
<status status="PASS" starttime="20221201 09:59:43.318" endtime="20221201 09:59:43.375"/>
</test>
<test id="s1-t4" name="Do a DELETE request to delete the 1st Doctor and validate the response code and there being no entry on the database" line="74">
<kw name="Create Session" library="RequestsLibrary">
<arg>mysession</arg>
<arg>${base_url}</arg>
<doc>Create Session: create a HTTP session to a server</doc>
<msg timestamp="20221201 09:59:43.378" level="INFO">Creating Session using : alias=mysession, url=http://localhost:8080/doctor, headers={},                     cookies={}, auth=None, timeout=None, proxies=None, verify=False,                     debug=0 </msg>
<status status="PASS" starttime="20221201 09:59:43.377" endtime="20221201 09:59:43.378"/>
</kw>
<kw name="DELETE On Session" library="RequestsLibrary">
<var>${response}</var>
<arg>mysession</arg>
<arg>/${1stdoctor_id}</arg>
<doc>Sends a DELETE request on a previously created HTTP Session.</doc>
<msg timestamp="20221201 09:59:43.404" level="INFO">DELETE Request : url=http://localhost:8080/doctor/f747d61b-6801-4997-a723-a6fad277f5fc 
 path_url=/doctor/f747d61b-6801-4997-a723-a6fad277f5fc 
 headers={'User-Agent': 'python-requests/2.28.1', 'Accept-Encoding': 'gzip, deflate', 'Accept': '*/*', 'Connection': 'keep-alive', 'Content-Length': '0'} 
 body=None 
 </msg>
<msg timestamp="20221201 09:59:43.404" level="INFO">DELETE Response : url=http://localhost:8080/doctor/f747d61b-6801-4997-a723-a6fad277f5fc 
 status=500, reason= 
 headers={'Content-Type': 'application/json', 'Transfer-Encoding': 'chunked', 'Date': 'Thu, 01 Dec 2022 09:59:43 GMT', 'Connection': 'close'} 
 body={"timestamp":"2022-12-01T09:59:43.396+00:00","status":500,"error":"Internal Server Error","path":"/doctor/f747d61b-6801-4997-a723-a6fad277f5fc"} 
 </msg>
<msg timestamp="20221201 09:59:43.404" level="FAIL">HTTPError: 500 Server Error:  for url: http://localhost:8080/doctor/f747d61b-6801-4997-a723-a6fad277f5fc</msg>
<status status="FAIL" starttime="20221201 09:59:43.378" endtime="20221201 09:59:43.440"/>
</kw>
<kw name="Status Should Be" library="RequestsLibrary">
<arg>200</arg>
<arg>${response}</arg>
<doc>Fails if response status code is different than the expected.</doc>
<status status="NOT RUN" starttime="20221201 09:59:43.441" endtime="20221201 09:59:43.441"/>
</kw>
<kw name="Create Session" library="RequestsLibrary">
<arg>mysession</arg>
<arg>${base_url}</arg>
<doc>Create Session: create a HTTP session to a server</doc>
<status status="NOT RUN" starttime="20221201 09:59:43.441" endtime="20221201 09:59:43.441"/>
</kw>
<kw name="GET On Session" library="RequestsLibrary">
<var>${response}</var>
<arg>mysession</arg>
<arg>/${1stdoctor_id}</arg>
<doc>Sends a GET request on a previously created HTTP Session.</doc>
<status status="NOT RUN" starttime="20221201 09:59:43.442" endtime="20221201 09:59:43.442"/>
</kw>
<kw name="Log To Console" library="BuiltIn">
<arg>${response.status_code}</arg>
<doc>Logs the given message to the console.</doc>
<status status="NOT RUN" starttime="20221201 09:59:43.442" endtime="20221201 09:59:43.442"/>
</kw>
<kw name="Status Should Be" library="RequestsLibrary">
<arg>500</arg>
<arg>${response}</arg>
<doc>Fails if response status code is different than the expected.</doc>
<status status="NOT RUN" starttime="20221201 09:59:43.443" endtime="20221201 09:59:43.443"/>
</kw>
<doc>This test case verifies that the DELETE request response code should be 200,
and the database contains no entry for number "1st"</doc>
<tag>delete</tag>
<status status="FAIL" starttime="20221201 09:59:43.377" endtime="20221201 09:59:43.443">HTTPError: 500 Server Error:  for url: http://localhost:8080/doctor/f747d61b-6801-4997-a723-a6fad277f5fc</status>
</test>
<doc>This is a test suite for the Doctor Who Postgres Database and API</doc>
<status status="FAIL" starttime="20221201 09:59:42.798" endtime="20221201 09:59:43.445"/>
</suite>
<statistics>
<total>
<stat pass="3" fail="1" skip="0">All Tests</stat>
</total>
<tag>
<stat pass="0" fail="1" skip="0">delete</stat>
</tag>
<suite>
<stat pass="3" fail="1" skip="0" id="s1" name="Get9thDoctor">Get9thDoctor</stat>
</suite>
</statistics>
<errors>
</errors>
</robot>
